<?xml version="1.0" encoding="UTF-8"?>
<!-- Generated by org.testng.reporters.JUnitXMLReporter -->
<testsuite ignored="0" hostname="DESKTOP-MNK2190" failures="1" tests="3" name="Extent Report Test" time="0.106" errors="0" timestamp="2021-08-05T11:52:05 IST">
  <testcase classname="extentReport.TestCase_ByUsingUtility" name="doBuy" time="0.015">
    <failure type="java.lang.AssertionError" message="Buy Product Test Failed">
      <![CDATA[java.lang.AssertionError: Buy Product Test Failed
at extentReport.TestCase_ByUsingUtility.doBuy(TestCase_ByUsingUtility.java:17)
at java.base/java.util.ArrayList.forEach(ArrayList.java:1511)
... Removed 28 stack frames]]>
    </failure>
  </testcase> <!-- doBuy -->
  <testcase classname="extentReport.TestCase_ByUsingUtility" name="doLogin" time="0.002"/>
  <testcase classname="extentReport.TestCase_ByUsingUtility" name="doPayment" time="0.003">
    <skipped/>
  </testcase> <!-- doPayment -->
</testsuite> <!-- Extent Report Test -->
